<?xml version="1.0" encoding="UTF-8"?>
<!-- Generated by org.testng.reporters.JUnitXMLReporter -->
<testsuite hostname="WDFN34362767A" ignored="1" name="Test" tests="8" failures="4" timestamp="20 Aug 2018 14:32:50 GMT" time="0.579" errors="0">
  <testcase name="testLogin" time="0.036" classname="com.sap.mdmorchestration.testScripts.Test2"/>
  <testcase name="testLogin1" time="0.003" classname="com.sap.mdmorchestration.testScripts.Test2">
    <failure type="java.lang.AssertionError" message="expected [true] but found [false]">
      <![CDATA[java.lang.AssertionError: expected [true] but found [false]at com.sap.mdmorchestration.helper.assertion.AssertionHelper.makeFalse(AssertionHelper.java:34)at com.sap.mdmorchestration.testScripts.Test2.testLogin1(Test2.java:19)... Removed 29 stack frames]]>
    </failure>
  </testcase> <!-- testLogin1 -->
  <testcase name="testLogin2" time="0.001" classname="com.sap.mdmorchestration.testScripts.Test2"/>
  <testcase name="testLogin3" time="0.0" classname="com.sap.mdmorchestration.testScripts.Test2">
    <failure type="java.lang.AssertionError" message="expected [true] but found [false]">
      <![CDATA[java.lang.AssertionError: expected [true] but found [false]at com.sap.mdmorchestration.helper.assertion.AssertionHelper.makeFalse(AssertionHelper.java:34)at com.sap.mdmorchestration.testScripts.Test2.testLogin3(Test2.java:31)... Removed 29 stack frames]]>
    </failure>
  </testcase> <!-- testLogin3 -->
  <testcase name="testLogin" time="0.001" classname="com.sap.mdmorchestration.testScripts.Test1"/>
  <testcase name="testLogin1" time="0.002" classname="com.sap.mdmorchestration.testScripts.Test1">
    <failure type="java.lang.AssertionError" message="expected [true] but found [false]">
      <![CDATA[java.lang.AssertionError: expected [true] but found [false]at com.sap.mdmorchestration.helper.assertion.AssertionHelper.makeFalse(AssertionHelper.java:34)at com.sap.mdmorchestration.testScripts.Test1.testLogin1(Test1.java:19)... Removed 29 stack frames]]>
    </failure>
  </testcase> <!-- testLogin1 -->
  <testcase name="testLogin2" time="0.001" classname="com.sap.mdmorchestration.testScripts.Test1"/>
  <testcase name="testLogin3" time="0.001" classname="com.sap.mdmorchestration.testScripts.Test1">
    <failure type="java.lang.AssertionError" message="expected [true] but found [false]">
      <![CDATA[java.lang.AssertionError: expected [true] but found [false]at com.sap.mdmorchestration.helper.assertion.AssertionHelper.makeFalse(AssertionHelper.java:34)at com.sap.mdmorchestration.testScripts.Test1.testLogin3(Test1.java:31)... Removed 29 stack frames]]>
    </failure>
  </testcase> <!-- testLogin3 -->
  <testcase name="@BeforeSuite beforeSuite" time="0.0" classname="com.sap.mdmorchestration.testBase.TestBase">
    <ignored/>
  </testcase> <!-- @BeforeSuite beforeSuite -->
</testsuite> <!-- Test -->
