<?xml version="1.0" encoding="UTF-8"?>
<!-- Generated by org.testng.reporters.JUnitXMLReporter -->
<testsuite hostname="WDFN34362767A" ignored="0" name="B" tests="1" failures="1" timestamp="22 Aug 2018 11:27:44 GMT" time="4.089" errors="0">
  <testcase name="testLoginB" time="0.002" classname="com.sap.mdmorchestration.helper.alert.B">
    <failure type="java.lang.AssertionError" message="expected [true] but found [false]">
      <![CDATA[java.lang.AssertionError: expected [true] but found [false]at com.sap.mdmorchestration.helper.alert.B.testLoginB(B.java:23)... Removed 29 stack frames]]>
    </failure>
  </testcase> <!-- testLoginB -->
</testsuite> <!-- B -->
