<?xml version="1.0" encoding="UTF-8"?>
<!-- Generated by org.testng.reporters.JUnitXMLReporter -->
<testsuite hostname="WDFN34362767A" ignored="0" name="C" tests="1" failures="1" timestamp="22 Aug 2018 11:27:48 GMT" time="3.901" errors="0">
  <testcase name="testLoginC" time="0.001" classname="com.sap.mdmorchestration.helper.alert.C">
    <failure type="java.lang.AssertionError" message="expected [true] but found [false]">
      <![CDATA[java.lang.AssertionError: expected [true] but found [false]at com.sap.mdmorchestration.helper.alert.C.testLoginC(C.java:24)... Removed 29 stack frames]]>
    </failure>
  </testcase> <!-- testLoginC -->
</testsuite> <!-- C -->
